<?xml version="1.0" encoding="UTF-8"?>
<testng-results skipped="0" failed="0" ignored="0" total="1" passed="1">
  <reporter-output>
  </reporter-output>
  <suite name="Default suite" duration-ms="11960" started-at="2022-05-17T08:19:44 CDT" finished-at="2022-05-17T08:19:56 CDT">
    <groups>
    </groups>
    <test name="Default test" duration-ms="11960" started-at="2022-05-17T08:19:44 CDT" finished-at="2022-05-17T08:19:56 CDT">
      <class name="test.AddCustomerTest">
        <test-method status="PASS" signature="validUserShouldBeAbleToCreateCustomer()[pri:0, instance:test.AddCustomerTest@2833cc44]" name="validUserShouldBeAbleToCreateCustomer" duration-ms="11887" started-at="2022-05-17T08:19:44 CDT" finished-at="2022-05-17T08:19:56 CDT">
          <reporter-output>
          </reporter-output>
        </test-method> <!-- validUserShouldBeAbleToCreateCustomer -->
      </class> <!-- test.AddCustomerTest -->
    </test> <!-- Default test -->
  </suite> <!-- Default suite -->
</testng-results>
